pxe detect
checkrange 0:100 calc %timeV% && echo ! set timeV=0
checkrange 0:100 calc %defaultV% && echo ! set defaultV=0
default %defaultV%
timeout %timeV%
font ()/boot/grub4dos/MENU.HEX


title [1-1] 启动 grub2 ◆  引导G2LDR
if not #%toG4d%>=#1 && fallback 1 && set toG4d=0
kernel /boot/grub/g2ldr
boot


title [1-2] 启动 grub2 ◆  引导内核core.img
if not #%toG4d%>=#1 && fallback 2 && set toG4d=0
kernel  /boot/grub/Core.img
boot

title [1-3] 启动 grub2  ◆  引导内核boot.img
if not #%toG4d%>=#1 && fallback 5 && set toG4d=1
kernel  /boot/grub/i386-pc/boot.img
initrd  /boot/grub/Core.img
boot


title [2-1] 启动 GRUB4DOS 菜单
if not #%toMenu%>=#2 && fallback 4 && set toMenu=0
configfile /boot/grub4dos/2_menu.lst
boot

title [2-2] 查找、并启动 GRUB4DOS 菜单
if #%toMenu%==#0 && fallback 5 && set toMenu=2  && set toG4d=2 ! set toMenu=3
configfile /boot/grub4dos/2_menu.lst
find --set-root --ignore-floppies --ignore-cd /boot/grub4dos/2_menu.lst1 && configfile /boot/grub4dos/2_menu.lst
find --set-root --devices=f /2_menu.lst && configfile /2_menu.lst
find --set-root --ignore-floppies --ignore-cd /2_menu.lst && configfile /2_menu.lst


title [-]如果启动失败，请按顺序启动
if #%toG4d%==#1 && set defaultV=3 && pause --wait=1 GRUB2菜单启动失败，即将启动 GRUB4DOS 菜单
checkrange 2 calc %toMenu% &&  set timeV=30 && pause --wait=2 GRUB2菜单启动失败,GRUB4DOS 菜单也启动失败！即将返回主菜单页面，请检查配置信息。
configfile /menu.lst


title [3] dos命令
commandline



title [4] 重启计算机
reboot

title [5] 关闭计算机
halt

